Using pre-set license

 COMMAND LINE ARGUMENTS:
/Applications/Unity/Hub/Editor/2020.2.1f1c1/Unity.app/Contents/MacOS/Unity
-adb2
-batchMode
-noUpm
-name
AssetImportWorker0
-projectPath
/Users/zhongliang.zhou/Documents/github/unity_rendering/Client
-logFile
Logs/AssetImportWorker0.log
-srvPort
60773
Successfully changed project path to: /Users/zhongliang.zhou/Documents/github/unity_rendering/Client
/Users/zhongliang.zhou/Documents/github/unity_rendering/Client
Using Asset Import Pipeline V2.
Refreshing native plugins compatible for Editor in 24.06 ms, found 1 plugins.
Preloading 0 native plugins for Editor in 0.00 ms.
Initialize engine version: 2020.2.1f1c1 (252d8215dd99)
[Subsystems] Discovering subsystems at path /Applications/Unity/Hub/Editor/2020.2.1f1c1/Unity.app/Contents/Resources/UnitySubsystems
[Subsystems] Discovering subsystems at path /Users/zhongliang.zhou/Documents/github/unity_rendering/Client/Assets
GfxDevice: creating device client; threaded=0
2021-01-21 11:11:13.705 Unity[93592:1585353] DELL U2415 preferred device: AMD Radeon Pro 5500M (high power)
2021-01-21 11:11:13.705 Unity[93592:1585353] Metal devices available: 2
2021-01-21 11:11:13.705 Unity[93592:1585353] 0: AMD Radeon Pro 5500M (high power)
2021-01-21 11:11:13.706 Unity[93592:1585353] 1: Intel(R) UHD Graphics 630 (low power)
2021-01-21 11:11:13.706 Unity[93592:1585353] Using device AMD Radeon Pro 5500M (high power)
Initializing Metal device caps: AMD Radeon Pro 5500M
Initialize mono
Mono path[0] = '/Applications/Unity/Hub/Editor/2020.2.1f1c1/Unity.app/Contents/Managed'
Mono path[1] = '/Applications/Unity/Hub/Editor/2020.2.1f1c1/Unity.app/Contents/MonoBleedingEdge/lib/mono/unityjit'
Mono config path = '/Applications/Unity/Hub/Editor/2020.2.1f1c1/Unity.app/Contents/MonoBleedingEdge/etc'
Using monoOptions --debugger-agent=transport=dt_socket,embedding=1,server=y,suspend=n,address=127.0.0.1:56592
Begin MonoManager ReloadAssembly
Registering precompiled unity dll's ...
Register platform support module: /Applications/Unity/Hub/Editor/2020.2.1f1c1/Unity.app/Contents/PlaybackEngines/MacStandaloneSupport/UnityEditor.OSXStandalone.Extensions.dll
Registered in 0.001962 seconds.
Native extension for OSXStandalone target not found
Refreshing native plugins compatible for Editor in 21.93 ms, found 1 plugins.
Preloading 0 native plugins for Editor in 0.00 ms.
Invoked RoslynAnalysisRunner static constructor.
RoslynAnalysisRunner will not be running.
RoslynAnalysisRunner has terminated.
Mono: successfully reloaded assembly
- Completed reload, in  1.986 seconds
Platform modules already initialized, skipping
Registering precompiled user dll's ...
Registered in 0.000929 seconds.
Begin MonoManager ReloadAssembly
Native extension for OSXStandalone target not found
Refreshing native plugins compatible for Editor in 0.18 ms, found 1 plugins.
Preloading 0 native plugins for Editor in 0.00 ms.
Invoked RoslynAnalysisRunner static constructor.
RoslynAnalysisRunner will not be running.
RoslynAnalysisRunner has terminated.
Mono: successfully reloaded assembly
- Completed reload, in  0.935 seconds
Platform modules already initialized, skipping
========================================================================
Worker process is ready to serve import requests
Launching external process: /Applications/Unity/Hub/Editor/2020.2.1f1c1/Unity.app/Contents/Tools/UnityShaderCompiler
Launched and connected shader compiler UnityShaderCompiler after 0.02 seconds
Refreshing native plugins compatible for Editor in 0.19 ms, found 1 plugins.
Preloading 0 native plugins for Editor in 0.00 ms.
Unloading 1094 Unused Serialized files (Serialized files now loaded: 0)
System memory in use before: 106.9 MB.
System memory in use after: 107.0 MB.

Unloading 10 unused Assets to reduce memory usage. Loaded Objects now: 1533.
Total: 1.768046 ms (FindLiveObjects: 0.164895 ms CreateObjectMapping: 0.044514 ms MarkObjects: 1.482583 ms  DeleteObjects: 0.074794 ms)

========================================================================
Received Import Request.
  path: Assets
  artifactKey: Guid(00000000000000001000000000000000) Importer(815301076,1909f56bfc062723c751e8b465ee728b)
Start importing Assets using Guid(00000000000000001000000000000000) Importer(815301076,1909f56bfc062723c751e8b465ee728b)  -> (artifact id: '77a851e104db600022940e564f7da357') in 0.003638 seconds
  Import took 0.005968 seconds .

========================================================================
Received Import Request.
  Time since last request: 0.000156 seconds.
  path: Assets/Scenes/SampleScene.unity
  artifactKey: Guid(9fc0d4010bbf28b4594072e72b8655ab) Importer(815301076,1909f56bfc062723c751e8b465ee728b)
Start importing Assets/Scenes/SampleScene.unity using Guid(9fc0d4010bbf28b4594072e72b8655ab) Importer(815301076,1909f56bfc062723c751e8b465ee728b)  -> (artifact id: 'f29365f279eb4bb84fc221159d7c925f') in 0.008088 seconds
  Import took 0.009721 seconds .

========================================================================
Received Import Request.
  Time since last request: 17.814337 seconds.
  path: Assets/Scenes/1_m.unity
  artifactKey: Guid(9fc0d4010bbf28b4594072e72b8655ab) Importer(815301076,1909f56bfc062723c751e8b465ee728b)
Start importing Assets/Scenes/1_m.unity using Guid(9fc0d4010bbf28b4594072e72b8655ab) Importer(815301076,1909f56bfc062723c751e8b465ee728b)  -> (artifact id: '8d2c5765e1d454c632a5405814b156b6') in 0.001134 seconds
  Import took 0.003258 seconds .

========================================================================
Received Import Request.
  Time since last request: 16.891930 seconds.
  path: Assets/Scenes
  artifactKey: Guid(c9c1896d3faaf4bc5975ac66ba1bb02c) Importer(815301076,1909f56bfc062723c751e8b465ee728b)
Start importing Assets/Scenes using Guid(c9c1896d3faaf4bc5975ac66ba1bb02c) Importer(815301076,1909f56bfc062723c751e8b465ee728b)  -> (artifact id: '402edfbf7ae6dd4b4589b33c6157d82c') in 0.000967 seconds
  Import took 0.003115 seconds .

========================================================================
Received Import Request.
  Time since last request: 0.000292 seconds.
  path: Assets/Scenes
  artifactKey: Guid(c9c1896d3faaf4bc5975ac66ba1bb02c) Importer(815301076,1909f56bfc062723c751e8b465ee728b)
Start importing Assets/Scenes using Guid(c9c1896d3faaf4bc5975ac66ba1bb02c) Importer(815301076,1909f56bfc062723c751e8b465ee728b)  -> (artifact id: '402edfbf7ae6dd4b4589b33c6157d82c') in 0.000916 seconds
  Import took 0.002373 seconds .

========================================================================
Received Import Request.
  Time since last request: 16.990165 seconds.
  path: Assets/Arts
  artifactKey: Guid(45055356b75974a0c9a5a71050026fad) Importer(815301076,1909f56bfc062723c751e8b465ee728b)
Start importing Assets/Arts using Guid(45055356b75974a0c9a5a71050026fad) Importer(815301076,1909f56bfc062723c751e8b465ee728b)  -> (artifact id: '2a327c4f9f8fa57cc7cdb6d098a5ec1f') in 0.001536 seconds
  Import took 0.003795 seconds .

========================================================================
Received Import Request.
  Time since last request: 0.000367 seconds.
  path: Assets/Arts
  artifactKey: Guid(45055356b75974a0c9a5a71050026fad) Importer(815301076,1909f56bfc062723c751e8b465ee728b)
Start importing Assets/Arts using Guid(45055356b75974a0c9a5a71050026fad) Importer(815301076,1909f56bfc062723c751e8b465ee728b)  -> (artifact id: '2a327c4f9f8fa57cc7cdb6d098a5ec1f') in 0.001516 seconds
  Import took 0.002946 seconds .

========================================================================
Received Import Request.
  Time since last request: 3.215515 seconds.
  path: Assets/Scenes/1_m.unity
  artifactKey: Guid(9fc0d4010bbf28b4594072e72b8655ab) Importer(815301076,1909f56bfc062723c751e8b465ee728b)
Start importing Assets/Scenes/1_m.unity using Guid(9fc0d4010bbf28b4594072e72b8655ab) Importer(815301076,1909f56bfc062723c751e8b465ee728b)  -> (artifact id: 'cc89ee242fa4bb0eecef2cf767067134') in 0.002704 seconds
  Import took 0.004460 seconds .

========================================================================
Received Import Request.
  Time since last request: 0.000245 seconds.
  path: Assets/Scenes/1_m.unity
  artifactKey: Guid(9fc0d4010bbf28b4594072e72b8655ab) Importer(815301076,1909f56bfc062723c751e8b465ee728b)
Start importing Assets/Scenes/1_m.unity using Guid(9fc0d4010bbf28b4594072e72b8655ab) Importer(815301076,1909f56bfc062723c751e8b465ee728b)  -> (artifact id: 'cc89ee242fa4bb0eecef2cf767067134') in 0.001012 seconds
  Import took 0.002416 seconds .

